<?xml version="1.0" encoding="UTF-8"?>
<!-- Generated by org.testng.reporters.JUnitXMLReporter -->
<testsuite ignored="3" hostname="BDC7-L-72000NF" failures="1" tests="2" name="Basic Test 1" time="0.146" errors="0" timestamp="2019-12-30T15:34:11 IST">
  <testcase classname="com.test.TestNGBasics" name="googleTitleTest2" time="0.0">
    <failure type="org.testng.TestNGException" message="
Parameter &amp;apos;FirstName&amp;apos; is required by @Test on method googleTitleTest2 but has not been marked @Optional or defined
in C:\Users\madhav.gaikwad\eclipse-workspace\TestNG_Framework\testng.xml">
      <![CDATA[org.testng.TestNGException: 
Parameter 'FirstName' is required by @Test on method googleTitleTest2 but has not been marked @Optional or defined
in C:\Users\madhav.gaikwad\eclipse-workspace\TestNG_Framework\testng.xml
at java.base/java.util.concurrent.ThreadPoolExecutor.runWorker(ThreadPoolExecutor.java:1128)
at java.base/java.util.concurrent.ThreadPoolExecutor$Worker.run(ThreadPoolExecutor.java:628)
at java.base/java.lang.Thread.run(Thread.java:835)
... Removed 11 stack frames]]>
    </failure>
  </testcase> <!-- googleTitleTest2 -->
  <testcase classname="com.test.TestNGBasics" name="googleTitleTest1" time="0.006"/>
  <testcase classname="com.test.TestNGBasics" name="googleTitleTest3" time="0.0">
    <ignored/>
  </testcase> <!-- googleTitleTest3 -->
  <testcase classname="com.test.TestNGBasics" name="googleTitleTest4" time="0.0">
    <ignored/>
  </testcase> <!-- googleTitleTest4 -->
  <testcase classname="com.test.TestNGBasics" name="googleTitleTest5" time="0.0">
    <ignored/>
  </testcase> <!-- googleTitleTest5 -->
</testsuite> <!-- Basic Test 1 -->
